<?xml version="1.0" encoding="UTF-8"?>
<!-- Generated by org.testng.reporters.JUnitReportReporter -->
<testsuite hostname="LAPTOP-L2UM9ODI" failures="0" tests="3" name="Test.LoginTest" time="7.268" errors="0" timestamp="2025-08-10T16:26:36 IST" skipped="0">
  <testcase classname="Test.LoginTest" name="makeAppointment" time="0.980"/>
  <system-out/>
  <testcase classname="Test.LoginTest" name="ValidLoginFromDB" time="3.061"/>
  <system-out/>
  <testcase classname="Test.LoginTest" name="FillForm" time="3.227"/>
  <system-out/>
</testsuite> <!-- Test.LoginTest -->
