<?xml version="1.0" encoding="UTF-8"?>
<!-- Generated by org.testng.reporters.JUnitReportReporter -->
<testsuite hostname="LAPTOP-L2UM9ODI" failures="0" tests="5" name="Test.LoginTest" time="13.102" errors="0" timestamp="2025-08-29T17:50:16 IST" skipped="0">
  <testcase classname="Test.LoginTest" name="makeAppointment" time="0.876"/>
  <testcase classname="Test.LoginTest" name="invalidLogin1" time="3.029"/>
  <testcase classname="Test.LoginTest" name="invalidLogin2" time="2.541"/>
  <testcase classname="Test.LoginTest" name="login" time="2.508"/>
  <testcase classname="Test.LoginTest" name="ValidForm" time="4.148"/>
</testsuite> <!-- Test.LoginTest -->
