<?xml version="1.0" encoding="UTF-8"?>
<!-- Generated by org.testng.reporters.JUnitReportReporter -->
<testsuite hostname="LAPTOP-L2UM9ODI" failures="0" tests="5" name="Test.LoginTest" time="15.055" errors="0" timestamp="2025-08-29T21:36:21 IST" skipped="0">
  <testcase classname="Test.LoginTest" name="makeAppointment" time="0.967"/>
  <testcase classname="Test.LoginTest" name="invalidLogin1" time="3.175"/>
  <testcase classname="Test.LoginTest" name="invalidLogin2" time="3.360"/>
  <testcase classname="Test.LoginTest" name="login" time="3.817"/>
  <testcase classname="Test.LoginTest" name="ValidForm" time="3.736"/>
</testsuite> <!-- Test.LoginTest -->
