<?xml version="1.0" encoding="UTF-8"?>
<!-- Generated by org.testng.reporters.JUnitReportReporter -->
<testsuite hostname="LAPTOP-L2UM9ODI" failures="0" tests="5" name="Test.LoginTest" time="15.232" errors="0" timestamp="2025-09-18T14:00:19 IST" skipped="0">
  <testcase classname="Test.LoginTest" name="makeAppointment" time="0.878"/>
  <testcase classname="Test.LoginTest" name="invalidLogin1" time="3.156"/>
  <testcase classname="Test.LoginTest" name="invalidLogin2" time="2.537"/>
  <testcase classname="Test.LoginTest" name="login" time="2.574"/>
  <testcase classname="Test.LoginTest" name="ValidForm" time="6.087"/>
</testsuite> <!-- Test.LoginTest -->
