<?xml version="1.0" encoding="UTF-8"?>
<!-- Generated by org.testng.reporters.JUnitReportReporter -->
<testsuite hostname="LAPTOP-L2UM9ODI" failures="0" tests="5" name="Test.LoginTest" time="14.395" errors="0" timestamp="2025-08-29T17:09:03 IST" skipped="0">
  <testcase classname="Test.LoginTest" name="makeAppointment" time="1.202"/>
  <system-out/>
  <testcase classname="Test.LoginTest" name="invalidLogin1" time="3.040"/>
  <system-out/>
  <testcase classname="Test.LoginTest" name="invalidLogin2" time="2.528"/>
  <system-out/>
  <testcase classname="Test.LoginTest" name="login" time="3.453"/>
  <system-out/>
  <testcase classname="Test.LoginTest" name="ValidForm" time="4.172"/>
  <system-out/>
</testsuite> <!-- Test.LoginTest -->
