<?xml version="1.0" encoding="UTF-8"?>
<!-- Generated by org.testng.reporters.JUnitReportReporter -->
<testsuite hostname="LAPTOP-L2UM9ODI" failures="0" tests="5" name="Test.LoginTest" time="15.428" errors="0" timestamp="2025-08-30T13:09:41 IST" skipped="0">
  <testcase classname="Test.LoginTest" name="makeAppointment" time="1.133"/>
  <testcase classname="Test.LoginTest" name="invalidLogin1" time="3.020"/>
  <testcase classname="Test.LoginTest" name="invalidLogin2" time="2.469"/>
  <testcase classname="Test.LoginTest" name="login" time="2.686"/>
  <testcase classname="Test.LoginTest" name="ValidForm" time="6.120"/>
</testsuite> <!-- Test.LoginTest -->
