<?xml version="1.0" encoding="UTF-8"?>
<!-- Generated by org.testng.reporters.JUnitReportReporter -->
<testsuite hostname="LAPTOP-L2UM9ODI" failures="0" tests="5" name="Test.LoginTest" time="16.755" errors="0" timestamp="2025-09-08T23:28:47 IST" skipped="0">
  <testcase classname="Test.LoginTest" name="makeAppointment" time="0.842"/>
  <testcase classname="Test.LoginTest" name="invalidLogin1" time="4.006"/>
  <testcase classname="Test.LoginTest" name="invalidLogin2" time="2.492"/>
  <testcase classname="Test.LoginTest" name="login" time="4.287"/>
  <testcase classname="Test.LoginTest" name="ValidForm" time="5.128"/>
</testsuite> <!-- Test.LoginTest -->
