<?xml version="1.0" encoding="UTF-8"?>
<!-- Generated by org.testng.reporters.JUnitReportReporter -->
<testsuite hostname="LAPTOP-L2UM9ODI" failures="0" tests="4" name="Test.LoginTest" time="11.586" errors="0" timestamp="2025-03-15T17:35:52 IST" skipped="0">
  <testcase classname="Test.LoginTest" name="makeAppointment" time="0.662"/>
  <system-out/>
  <testcase classname="Test.LoginTest" name="invalidLoginTest" time="3.461"/>
  <system-out/>
  <testcase classname="Test.LoginTest" name="ValidLogin" time="4.040"/>
  <system-out/>
  <testcase classname="Test.LoginTest" name="FillForm" time="3.423"/>
  <system-out/>
</testsuite> <!-- Test.LoginTest -->
