<?xml version="1.0" encoding="UTF-8"?>
<!-- Generated by org.testng.reporters.JUnitReportReporter -->
<testsuite hostname="LAPTOP-L2UM9ODI" failures="0" tests="5" name="Test.LoginTest" time="18.669" errors="0" timestamp="2025-09-18T13:19:46 IST" skipped="0">
  <testcase classname="Test.LoginTest" name="makeAppointment" time="0.908"/>
  <testcase classname="Test.LoginTest" name="invalidLogin1" time="4.427"/>
  <testcase classname="Test.LoginTest" name="invalidLogin2" time="4.230"/>
  <testcase classname="Test.LoginTest" name="login" time="2.854"/>
  <testcase classname="Test.LoginTest" name="ValidForm" time="6.250"/>
</testsuite> <!-- Test.LoginTest -->
